[0.478s] DEBUG:colcon:Command line arguments: ['/usr/bin/colcon', 'build', '--packages-select', 'robot_sync_sim']
[0.478s] DEBUG:colcon:Parsed command line arguments: Namespace(log_base=None, log_level=None, verb_name='build', build_base='build', install_base='install', merge_install=False, symlink_install=False, test_result_base=None, continue_on_error=False, executor='parallel', parallel_workers=8, event_handlers=None, ignore_user_meta=False, metas=['./colcon.meta'], base_paths=['.'], packages_ignore=None, packages_ignore_regex=None, paths=None, packages_up_to=None, packages_up_to_regex=None, packages_above=None, packages_above_and_dependencies=None, packages_above_depth=None, packages_select_by_dep=None, packages_skip_by_dep=None, packages_skip_up_to=None, packages_select_build_failed=False, packages_skip_build_finished=False, packages_select_test_failures=False, packages_skip_test_passed=False, packages_select=['robot_sync_sim'], packages_skip=None, packages_select_regex=None, packages_skip_regex=None, packages_start=None, packages_end=None, allow_overriding=[], cmake_args=None, cmake_target=None, cmake_target_skip_unavailable=False, cmake_clean_cache=False, cmake_clean_first=False, cmake_force_configure=False, ament_cmake_args=None, catkin_cmake_args=None, catkin_skip_building_tests=False, mixin_files=None, mixin=None, verb_parser=<colcon_mixin.mixin.mixin_argument.MixinArgumentDecorator object at 0x7da2f04ce680>, verb_extension=<colcon_core.verb.build.BuildVerb object at 0x7da2f04ce080>, main=<bound method BuildVerb.main of <colcon_core.verb.build.BuildVerb object at 0x7da2f04ce080>>, mixin_verb=('build',))
[0.986s] Level 1:colcon.colcon_core.package_discovery:discover_packages(colcon_meta) check parameters
[0.986s] Level 1:colcon.colcon_core.package_discovery:discover_packages(recursive) check parameters
[0.986s] Level 1:colcon.colcon_core.package_discovery:discover_packages(ignore) check parameters
[0.986s] Level 1:colcon.colcon_core.package_discovery:discover_packages(path) check parameters
[0.986s] Level 1:colcon.colcon_core.package_discovery:discover_packages(colcon_meta) discover
[0.987s] Level 1:colcon.colcon_core.package_discovery:discover_packages(recursive) discover
[0.987s] INFO:colcon.colcon_core.package_discovery:Crawling recursively for packages in '/home/roey/assaf_project/ros2_ws'
[0.987s] Level 1:colcon.colcon_core.package_identification:_identify(.) by extensions ['ignore', 'ignore_ament_install']
[0.987s] Level 1:colcon.colcon_core.package_identification:_identify(.) by extension 'ignore'
[0.987s] Level 1:colcon.colcon_core.package_identification:_identify(.) by extension 'ignore_ament_install'
[0.987s] Level 1:colcon.colcon_core.package_identification:_identify(.) by extensions ['colcon_pkg']
[0.987s] Level 1:colcon.colcon_core.package_identification:_identify(.) by extension 'colcon_pkg'
[0.987s] Level 1:colcon.colcon_core.package_identification:_identify(.) by extensions ['colcon_meta']
[0.988s] Level 1:colcon.colcon_core.package_identification:_identify(.) by extension 'colcon_meta'
[0.988s] Level 1:colcon.colcon_core.package_identification:_identify(.) by extensions ['ros']
[0.988s] Level 1:colcon.colcon_core.package_identification:_identify(.) by extension 'ros'
[1.091s] Level 1:colcon.colcon_core.package_identification:_identify(.) by extensions ['cmake', 'python']
[1.091s] Level 1:colcon.colcon_core.package_identification:_identify(.) by extension 'cmake'
[1.092s] Level 1:colcon.colcon_core.package_identification:_identify(.) by extension 'python'
[1.092s] Level 1:colcon.colcon_core.package_identification:_identify(.) by extensions ['python_setup_py']
[1.092s] Level 1:colcon.colcon_core.package_identification:_identify(.) by extension 'python_setup_py'
[1.092s] Level 1:colcon.colcon_core.package_identification:_identify(build) by extensions ['ignore', 'ignore_ament_install']
[1.092s] Level 1:colcon.colcon_core.package_identification:_identify(build) by extension 'ignore'
[1.093s] Level 1:colcon.colcon_core.package_identification:_identify(build) ignored
[1.093s] Level 1:colcon.colcon_core.package_identification:_identify(install) by extensions ['ignore', 'ignore_ament_install']
[1.094s] Level 1:colcon.colcon_core.package_identification:_identify(install) by extension 'ignore'
[1.094s] Level 1:colcon.colcon_core.package_identification:_identify(install) ignored
[1.095s] Level 1:colcon.colcon_core.package_identification:_identify(log) by extensions ['ignore', 'ignore_ament_install']
[1.096s] Level 1:colcon.colcon_core.package_identification:_identify(log) by extension 'ignore'
[1.096s] Level 1:colcon.colcon_core.package_identification:_identify(log) ignored
[1.097s] Level 1:colcon.colcon_core.package_identification:_identify(src) by extensions ['ignore', 'ignore_ament_install']
[1.097s] Level 1:colcon.colcon_core.package_identification:_identify(src) by extension 'ignore'
[1.098s] Level 1:colcon.colcon_core.package_identification:_identify(src) by extension 'ignore_ament_install'
[1.098s] Level 1:colcon.colcon_core.package_identification:_identify(src) by extensions ['colcon_pkg']
[1.098s] Level 1:colcon.colcon_core.package_identification:_identify(src) by extension 'colcon_pkg'
[1.098s] Level 1:colcon.colcon_core.package_identification:_identify(src) by extensions ['colcon_meta']
[1.098s] Level 1:colcon.colcon_core.package_identification:_identify(src) by extension 'colcon_meta'
[1.098s] Level 1:colcon.colcon_core.package_identification:_identify(src) by extensions ['ros']
[1.098s] Level 1:colcon.colcon_core.package_identification:_identify(src) by extension 'ros'
[1.098s] Level 1:colcon.colcon_core.package_identification:_identify(src) by extensions ['cmake', 'python']
[1.099s] Level 1:colcon.colcon_core.package_identification:_identify(src) by extension 'cmake'
[1.099s] Level 1:colcon.colcon_core.package_identification:_identify(src) by extension 'python'
[1.099s] Level 1:colcon.colcon_core.package_identification:_identify(src) by extensions ['python_setup_py']
[1.099s] Level 1:colcon.colcon_core.package_identification:_identify(src) by extension 'python_setup_py'
[1.099s] Level 1:colcon.colcon_core.package_identification:_identify(src/robot_sync_sim) by extensions ['ignore', 'ignore_ament_install']
[1.099s] Level 1:colcon.colcon_core.package_identification:_identify(src/robot_sync_sim) by extension 'ignore'
[1.099s] Level 1:colcon.colcon_core.package_identification:_identify(src/robot_sync_sim) by extension 'ignore_ament_install'
[1.100s] Level 1:colcon.colcon_core.package_identification:_identify(src/robot_sync_sim) by extensions ['colcon_pkg']
[1.100s] Level 1:colcon.colcon_core.package_identification:_identify(src/robot_sync_sim) by extension 'colcon_pkg'
[1.100s] Level 1:colcon.colcon_core.package_identification:_identify(src/robot_sync_sim) by extensions ['colcon_meta']
[1.100s] Level 1:colcon.colcon_core.package_identification:_identify(src/robot_sync_sim) by extension 'colcon_meta'
[1.100s] Level 1:colcon.colcon_core.package_identification:_identify(src/robot_sync_sim) by extensions ['ros']
[1.100s] Level 1:colcon.colcon_core.package_identification:_identify(src/robot_sync_sim) by extension 'ros'
[1.108s] DEBUG:colcon.colcon_core.package_identification:Package 'src/robot_sync_sim' with type 'ros.ament_python' and name 'robot_sync_sim'
[1.109s] Level 1:colcon.colcon_core.package_discovery:discover_packages(recursive) using defaults
[1.109s] Level 1:colcon.colcon_core.package_discovery:discover_packages(ignore) discover
[1.109s] Level 1:colcon.colcon_core.package_discovery:discover_packages(ignore) using defaults
[1.109s] Level 1:colcon.colcon_core.package_discovery:discover_packages(path) discover
[1.109s] Level 1:colcon.colcon_core.package_discovery:discover_packages(path) using defaults
[1.165s] Level 1:colcon.colcon_core.package_discovery:discover_packages(prefix_path) check parameters
[1.165s] Level 1:colcon.colcon_core.package_discovery:discover_packages(prefix_path) discover
[1.170s] DEBUG:colcon.colcon_installed_package_information.package_discovery:Found 1 installed packages in /home/roey/assaf_project/ros2_ws/install
[1.176s] DEBUG:colcon.colcon_installed_package_information.package_discovery:Found 450 installed packages in /opt/ros/humble
[1.182s] Level 1:colcon.colcon_core.package_discovery:discover_packages(prefix_path) using defaults
[1.319s] Level 5:colcon.colcon_core.verb:set package 'robot_sync_sim' build argument 'cmake_args' from command line to 'None'
[1.319s] Level 5:colcon.colcon_core.verb:set package 'robot_sync_sim' build argument 'cmake_target' from command line to 'None'
[1.319s] Level 5:colcon.colcon_core.verb:set package 'robot_sync_sim' build argument 'cmake_target_skip_unavailable' from command line to 'False'
[1.319s] Level 5:colcon.colcon_core.verb:set package 'robot_sync_sim' build argument 'cmake_clean_cache' from command line to 'False'
[1.319s] Level 5:colcon.colcon_core.verb:set package 'robot_sync_sim' build argument 'cmake_clean_first' from command line to 'False'
[1.319s] Level 5:colcon.colcon_core.verb:set package 'robot_sync_sim' build argument 'cmake_force_configure' from command line to 'False'
[1.320s] Level 5:colcon.colcon_core.verb:set package 'robot_sync_sim' build argument 'ament_cmake_args' from command line to 'None'
[1.320s] Level 5:colcon.colcon_core.verb:set package 'robot_sync_sim' build argument 'catkin_cmake_args' from command line to 'None'
[1.320s] Level 5:colcon.colcon_core.verb:set package 'robot_sync_sim' build argument 'catkin_skip_building_tests' from command line to 'False'
[1.320s] DEBUG:colcon.colcon_core.verb:Building package 'robot_sync_sim' with the following arguments: {'ament_cmake_args': None, 'build_base': '/home/roey/assaf_project/ros2_ws/build/robot_sync_sim', 'catkin_cmake_args': None, 'catkin_skip_building_tests': False, 'cmake_args': None, 'cmake_clean_cache': False, 'cmake_clean_first': False, 'cmake_force_configure': False, 'cmake_target': None, 'cmake_target_skip_unavailable': False, 'install_base': '/home/roey/assaf_project/ros2_ws/install/robot_sync_sim', 'merge_install': False, 'path': '/home/roey/assaf_project/ros2_ws/src/robot_sync_sim', 'symlink_install': False, 'test_result_base': None}
[1.320s] INFO:colcon.colcon_core.executor:Executing jobs using 'parallel' executor
[1.322s] DEBUG:colcon.colcon_parallel_executor.executor.parallel:run_until_complete
[1.323s] INFO:colcon.colcon_ros.task.ament_python.build:Building ROS package in '/home/roey/assaf_project/ros2_ws/src/robot_sync_sim' with build type 'ament_python'
[1.323s] Level 1:colcon.colcon_core.shell:create_environment_hook('robot_sync_sim', 'ament_prefix_path')
[1.328s] INFO:colcon.colcon_core.plugin_system:Skipping extension 'colcon_core.shell.bat': Not used on non-Windows systems
[1.328s] INFO:colcon.colcon_core.shell:Creating environment hook '/home/roey/assaf_project/ros2_ws/install/robot_sync_sim/share/robot_sync_sim/hook/ament_prefix_path.ps1'
[1.329s] INFO:colcon.colcon_core.shell:Creating environment descriptor '/home/roey/assaf_project/ros2_ws/install/robot_sync_sim/share/robot_sync_sim/hook/ament_prefix_path.dsv'
[1.330s] INFO:colcon.colcon_core.shell:Creating environment hook '/home/roey/assaf_project/ros2_ws/install/robot_sync_sim/share/robot_sync_sim/hook/ament_prefix_path.sh'
[1.334s] INFO:colcon.colcon_core.shell:Skip shell extension 'powershell' for command environment: Not usable outside of PowerShell
[1.334s] DEBUG:colcon.colcon_core.shell:Skip shell extension 'dsv' for command environment
[2.027s] INFO:colcon.colcon_core.task.python.build:Building Python package in '/home/roey/assaf_project/ros2_ws/src/robot_sync_sim'
[2.027s] INFO:colcon.colcon_core.shell:Skip shell extension 'powershell' for command environment: Not usable outside of PowerShell
[2.027s] DEBUG:colcon.colcon_core.shell:Skip shell extension 'dsv' for command environment
[2.914s] DEBUG:colcon.colcon_core.event_handler.log_command:Invoking command in '/home/roey/assaf_project/ros2_ws/src/robot_sync_sim': PYTHONPATH=/home/roey/assaf_project/ros2_ws/build/robot_sync_sim/prefix_override:/usr/lib/python3/dist-packages/colcon_core/task/python/colcon_distutils_commands:/home/roey/assaf_project/ros2_ws/install/robot_sync_sim/lib/python3.10/site-packages:${PYTHONPATH} /usr/bin/python3 -W ignore:setup.py install is deprecated setup.py egg_info --egg-base ../../build/robot_sync_sim build --build-base /home/roey/assaf_project/ros2_ws/build/robot_sync_sim/build install --record /home/roey/assaf_project/ros2_ws/build/robot_sync_sim/install.log --single-version-externally-managed install_data
[3.645s] DEBUG:colcon.colcon_core.event_handler.log_command:Invoked command in '/home/roey/assaf_project/ros2_ws/src/robot_sync_sim' returned '0': PYTHONPATH=/home/roey/assaf_project/ros2_ws/build/robot_sync_sim/prefix_override:/usr/lib/python3/dist-packages/colcon_core/task/python/colcon_distutils_commands:/home/roey/assaf_project/ros2_ws/install/robot_sync_sim/lib/python3.10/site-packages:${PYTHONPATH} /usr/bin/python3 -W ignore:setup.py install is deprecated setup.py egg_info --egg-base ../../build/robot_sync_sim build --build-base /home/roey/assaf_project/ros2_ws/build/robot_sync_sim/build install --record /home/roey/assaf_project/ros2_ws/build/robot_sync_sim/install.log --single-version-externally-managed install_data
[3.651s] Level 1:colcon.colcon_core.environment:checking '/home/roey/assaf_project/ros2_ws/install/robot_sync_sim' for CMake module files
[3.653s] Level 1:colcon.colcon_core.environment:checking '/home/roey/assaf_project/ros2_ws/install/robot_sync_sim' for CMake config files
[3.655s] Level 1:colcon.colcon_core.environment:checking '/home/roey/assaf_project/ros2_ws/install/robot_sync_sim/lib'
[3.655s] Level 1:colcon.colcon_core.environment:checking '/home/roey/assaf_project/ros2_ws/install/robot_sync_sim/bin'
[3.655s] Level 1:colcon.colcon_core.environment:checking '/home/roey/assaf_project/ros2_ws/install/robot_sync_sim/lib/pkgconfig/robot_sync_sim.pc'
[3.656s] Level 1:colcon.colcon_core.environment:checking '/home/roey/assaf_project/ros2_ws/install/robot_sync_sim/lib/python3.10/site-packages'
[3.656s] Level 1:colcon.colcon_core.shell:create_environment_hook('robot_sync_sim', 'pythonpath')
[3.657s] INFO:colcon.colcon_core.shell:Creating environment hook '/home/roey/assaf_project/ros2_ws/install/robot_sync_sim/share/robot_sync_sim/hook/pythonpath.ps1'
[3.658s] INFO:colcon.colcon_core.shell:Creating environment descriptor '/home/roey/assaf_project/ros2_ws/install/robot_sync_sim/share/robot_sync_sim/hook/pythonpath.dsv'
[3.659s] INFO:colcon.colcon_core.shell:Creating environment hook '/home/roey/assaf_project/ros2_ws/install/robot_sync_sim/share/robot_sync_sim/hook/pythonpath.sh'
[3.661s] Level 1:colcon.colcon_core.environment:checking '/home/roey/assaf_project/ros2_ws/install/robot_sync_sim/bin'
[3.661s] Level 1:colcon.colcon_core.environment:create_environment_scripts_only(robot_sync_sim)
[3.662s] INFO:colcon.colcon_core.shell:Creating package script '/home/roey/assaf_project/ros2_ws/install/robot_sync_sim/share/robot_sync_sim/package.ps1'
[3.663s] INFO:colcon.colcon_core.shell:Creating package descriptor '/home/roey/assaf_project/ros2_ws/install/robot_sync_sim/share/robot_sync_sim/package.dsv'
[3.664s] INFO:colcon.colcon_core.shell:Creating package script '/home/roey/assaf_project/ros2_ws/install/robot_sync_sim/share/robot_sync_sim/package.sh'
[3.665s] INFO:colcon.colcon_core.shell:Creating package script '/home/roey/assaf_project/ros2_ws/install/robot_sync_sim/share/robot_sync_sim/package.bash'
[3.666s] INFO:colcon.colcon_core.shell:Creating package script '/home/roey/assaf_project/ros2_ws/install/robot_sync_sim/share/robot_sync_sim/package.zsh'
[3.667s] Level 1:colcon.colcon_core.environment:create_file_with_runtime_dependencies(/home/roey/assaf_project/ros2_ws/install/robot_sync_sim/share/colcon-core/packages/robot_sync_sim)
[3.668s] DEBUG:colcon.colcon_parallel_executor.executor.parallel:closing loop
[3.669s] DEBUG:colcon.colcon_parallel_executor.executor.parallel:loop closed
[3.669s] DEBUG:colcon.colcon_parallel_executor.executor.parallel:run_until_complete finished with '0'
[3.669s] DEBUG:colcon.colcon_core.event_reactor:joining thread
[3.681s] INFO:colcon.colcon_core.plugin_system:Skipping extension 'colcon_notification.desktop_notification.terminal_notifier': Not used on non-Darwin systems
[3.681s] INFO:colcon.colcon_core.plugin_system:Skipping extension 'colcon_notification.desktop_notification.win32': Not used on non-Windows systems
[3.681s] INFO:colcon.colcon_notification.desktop_notification:Sending desktop notification using 'notify2'
[3.681s] DEBUG:colcon.colcon_notification.desktop_notification.notify2:Failed to initialize notify2: org.freedesktop.DBus.Error.NoReply: Did not receive a reply. Possible causes include: the remote application did not send a reply, the message bus security policy blocked the reply, the reply timeout expired, or the network connection was broken.
[3.682s] DEBUG:colcon.colcon_core.event_reactor:joined thread
[3.683s] INFO:colcon.colcon_core.shell:Creating prefix script '/home/roey/assaf_project/ros2_ws/install/local_setup.ps1'
[3.686s] INFO:colcon.colcon_core.shell:Creating prefix util module '/home/roey/assaf_project/ros2_ws/install/_local_setup_util_ps1.py'
[3.690s] INFO:colcon.colcon_core.shell:Creating prefix chain script '/home/roey/assaf_project/ros2_ws/install/setup.ps1'
[3.692s] INFO:colcon.colcon_core.shell:Creating prefix script '/home/roey/assaf_project/ros2_ws/install/local_setup.sh'
[3.693s] INFO:colcon.colcon_core.shell:Creating prefix util module '/home/roey/assaf_project/ros2_ws/install/_local_setup_util_sh.py'
[3.694s] INFO:colcon.colcon_core.shell:Creating prefix chain script '/home/roey/assaf_project/ros2_ws/install/setup.sh'
[3.696s] INFO:colcon.colcon_core.shell:Creating prefix script '/home/roey/assaf_project/ros2_ws/install/local_setup.bash'
[3.696s] INFO:colcon.colcon_core.shell:Creating prefix chain script '/home/roey/assaf_project/ros2_ws/install/setup.bash'
[3.699s] INFO:colcon.colcon_core.shell:Creating prefix script '/home/roey/assaf_project/ros2_ws/install/local_setup.zsh'
[3.701s] INFO:colcon.colcon_core.shell:Creating prefix chain script '/home/roey/assaf_project/ros2_ws/install/setup.zsh'
