[0.986s] Invoking command in '/home/roey/assaf_project/ros2_ws/src/robot_sync_sim': PYTHONPATH=/home/roey/assaf_project/ros2_ws/build/robot_sync_sim/prefix_override:/usr/lib/python3/dist-packages/colcon_core/task/python/colcon_distutils_commands:/home/roey/assaf_project/ros2_ws/install/robot_sync_sim/lib/python3.10/site-packages:${PYTHONPATH} /usr/bin/python3 -W ignore:setup.py install is deprecated setup.py egg_info --egg-base ../../build/robot_sync_sim build --build-base /home/roey/assaf_project/ros2_ws/build/robot_sync_sim/build install --record /home/roey/assaf_project/ros2_ws/build/robot_sync_sim/install.log --single-version-externally-managed install_data
[1.396s] running egg_info
[1.397s] writing ../../build/robot_sync_sim/robot_sync_sim.egg-info/PKG-INFO
[1.397s] writing dependency_links to ../../build/robot_sync_sim/robot_sync_sim.egg-info/dependency_links.txt
[1.398s] writing entry points to ../../build/robot_sync_sim/robot_sync_sim.egg-info/entry_points.txt
[1.398s] writing requirements to ../../build/robot_sync_sim/robot_sync_sim.egg-info/requires.txt
[1.398s] writing top-level names to ../../build/robot_sync_sim/robot_sync_sim.egg-info/top_level.txt
[1.401s] reading manifest file '../../build/robot_sync_sim/robot_sync_sim.egg-info/SOURCES.txt'
[1.403s] writing manifest file '../../build/robot_sync_sim/robot_sync_sim.egg-info/SOURCES.txt'
[1.403s] running build
[1.403s] running build_py
[1.403s] copying scripts/leader_node.py -> /home/roey/assaf_project/ros2_ws/build/robot_sync_sim/build/lib
[1.403s] running install
[1.404s] running install_lib
[1.405s] copying /home/roey/assaf_project/ros2_ws/build/robot_sync_sim/build/lib/leader_node.py -> /home/roey/assaf_project/ros2_ws/install/robot_sync_sim/lib/python3.10/site-packages
[1.406s] byte-compiling /home/roey/assaf_project/ros2_ws/install/robot_sync_sim/lib/python3.10/site-packages/leader_node.py to leader_node.cpython-310.pyc
[1.408s] running install_data
[1.408s] copying launch/behavior.launch.py -> /home/roey/assaf_project/ros2_ws/install/robot_sync_sim/share/robot_sync_sim/launch
[1.408s] copying config/sim_params.yaml -> /home/roey/assaf_project/ros2_ws/install/robot_sync_sim/share/robot_sync_sim/config
[1.408s] running install_egg_info
[1.410s] removing '/home/roey/assaf_project/ros2_ws/install/robot_sync_sim/lib/python3.10/site-packages/robot_sync_sim-1.0.0-py3.10.egg-info' (and everything under it)
[1.411s] Copying ../../build/robot_sync_sim/robot_sync_sim.egg-info to /home/roey/assaf_project/ros2_ws/install/robot_sync_sim/lib/python3.10/site-packages/robot_sync_sim-1.0.0-py3.10.egg-info
[1.412s] running install_scripts
[1.443s] Installing follower_node script to /home/roey/assaf_project/ros2_ws/install/robot_sync_sim/lib/robot_sync_sim
[1.443s] Installing leader_node script to /home/roey/assaf_project/ros2_ws/install/robot_sync_sim/lib/robot_sync_sim
[1.443s] writing list of installed files to '/home/roey/assaf_project/ros2_ws/build/robot_sync_sim/install.log'
[1.477s] Invoked command in '/home/roey/assaf_project/ros2_ws/src/robot_sync_sim' returned '0': PYTHONPATH=/home/roey/assaf_project/ros2_ws/build/robot_sync_sim/prefix_override:/usr/lib/python3/dist-packages/colcon_core/task/python/colcon_distutils_commands:/home/roey/assaf_project/ros2_ws/install/robot_sync_sim/lib/python3.10/site-packages:${PYTHONPATH} /usr/bin/python3 -W ignore:setup.py install is deprecated setup.py egg_info --egg-base ../../build/robot_sync_sim build --build-base /home/roey/assaf_project/ros2_ws/build/robot_sync_sim/build install --record /home/roey/assaf_project/ros2_ws/build/robot_sync_sim/install.log --single-version-externally-managed install_data
