/home/roey/assaf_project/ros2_ws/install/robot_sync_sim/lib/python3.10/site-packages/leader_node.py
/home/roey/assaf_project/ros2_ws/install/robot_sync_sim/lib/python3.10/site-packages/follower_node.py
/home/roey/assaf_project/ros2_ws/install/robot_sync_sim/lib/python3.10/site-packages/__pycache__/leader_node.cpython-310.pyc
/home/roey/assaf_project/ros2_ws/install/robot_sync_sim/lib/python3.10/site-packages/__pycache__/follower_node.cpython-310.pyc
/home/roey/assaf_project/ros2_ws/install/robot_sync_sim/share/ament_index/resource_index/packages/robot_sync_sim
/home/roey/assaf_project/ros2_ws/install/robot_sync_sim/share/robot_sync_sim/package.xml
/home/roey/assaf_project/ros2_ws/install/robot_sync_sim/share/robot_sync_sim/launch/simulation.launch.py
/home/roey/assaf_project/ros2_ws/install/robot_sync_sim/share/robot_sync_sim/launch/behavior.launch.py
/home/roey/assaf_project/ros2_ws/install/robot_sync_sim/share/robot_sync_sim/urdf/robot_b.urdf.xacro
/home/roey/assaf_project/ros2_ws/install/robot_sync_sim/share/robot_sync_sim/urdf/robot_a.urdf.xacro
/home/roey/assaf_project/ros2_ws/install/robot_sync_sim/share/robot_sync_sim/urdf/common_robot.xacro
/home/roey/assaf_project/ros2_ws/install/robot_sync_sim/share/robot_sync_sim/worlds/empty.world
/home/roey/assaf_project/ros2_ws/install/robot_sync_sim/share/robot_sync_sim/models/trash/model.sdf
/home/roey/assaf_project/ros2_ws/install/robot_sync_sim/share/robot_sync_sim/config/sim_params.yaml
/home/roey/assaf_project/ros2_ws/install/robot_sync_sim/share/robot_sync_sim/README.md
/home/roey/assaf_project/ros2_ws/install/robot_sync_sim/lib/python3.10/site-packages/robot_sync_sim-1.0.0-py3.10.egg-info/zip-safe
/home/roey/assaf_project/ros2_ws/install/robot_sync_sim/lib/python3.10/site-packages/robot_sync_sim-1.0.0-py3.10.egg-info/top_level.txt
/home/roey/assaf_project/ros2_ws/install/robot_sync_sim/lib/python3.10/site-packages/robot_sync_sim-1.0.0-py3.10.egg-info/SOURCES.txt
/home/roey/assaf_project/ros2_ws/install/robot_sync_sim/lib/python3.10/site-packages/robot_sync_sim-1.0.0-py3.10.egg-info/entry_points.txt
/home/roey/assaf_project/ros2_ws/install/robot_sync_sim/lib/python3.10/site-packages/robot_sync_sim-1.0.0-py3.10.egg-info/requires.txt
/home/roey/assaf_project/ros2_ws/install/robot_sync_sim/lib/python3.10/site-packages/robot_sync_sim-1.0.0-py3.10.egg-info/PKG-INFO
/home/roey/assaf_project/ros2_ws/install/robot_sync_sim/lib/python3.10/site-packages/robot_sync_sim-1.0.0-py3.10.egg-info/dependency_links.txt
/home/roey/assaf_project/ros2_ws/install/robot_sync_sim/lib/robot_sync_sim/follower_node
/home/roey/assaf_project/ros2_ws/install/robot_sync_sim/lib/robot_sync_sim/leader_node
