[1.003s] Invoking command in '/home/roey/assaf_project/ros2_ws/src/robot_sync_sim': PYTHONPATH=/home/roey/assaf_project/ros2_ws/build/robot_sync_sim/prefix_override:/usr/lib/python3/dist-packages/colcon_core/task/python/colcon_distutils_commands:/home/roey/assaf_project/ros2_ws/install/robot_sync_sim/lib/python3.10/site-packages:${PYTHONPATH} /usr/bin/python3 -W ignore:setup.py install is deprecated setup.py egg_info --egg-base ../../build/robot_sync_sim build --build-base /home/roey/assaf_project/ros2_ws/build/robot_sync_sim/build install --record /home/roey/assaf_project/ros2_ws/build/robot_sync_sim/install.log --single-version-externally-managed install_data
[1.377s] running egg_info
[1.378s] writing ../../build/robot_sync_sim/robot_sync_sim.egg-info/PKG-INFO
[1.378s] writing dependency_links to ../../build/robot_sync_sim/robot_sync_sim.egg-info/dependency_links.txt
[1.378s] writing entry points to ../../build/robot_sync_sim/robot_sync_sim.egg-info/entry_points.txt
[1.378s] writing requirements to ../../build/robot_sync_sim/robot_sync_sim.egg-info/requires.txt
[1.378s] writing top-level names to ../../build/robot_sync_sim/robot_sync_sim.egg-info/top_level.txt
[1.380s] reading manifest file '../../build/robot_sync_sim/robot_sync_sim.egg-info/SOURCES.txt'
[1.381s] writing manifest file '../../build/robot_sync_sim/robot_sync_sim.egg-info/SOURCES.txt'
[1.382s] running build
[1.382s] running build_py
[1.382s] copying scripts/leader_node.py -> /home/roey/assaf_project/ros2_ws/build/robot_sync_sim/build/lib
[1.382s] copying scripts/follower_node.py -> /home/roey/assaf_project/ros2_ws/build/robot_sync_sim/build/lib
[1.382s] running install
[1.382s] running install_lib
[1.383s] copying /home/roey/assaf_project/ros2_ws/build/robot_sync_sim/build/lib/follower_node.py -> /home/roey/assaf_project/ros2_ws/install/robot_sync_sim/lib/python3.10/site-packages
[1.383s] copying /home/roey/assaf_project/ros2_ws/build/robot_sync_sim/build/lib/leader_node.py -> /home/roey/assaf_project/ros2_ws/install/robot_sync_sim/lib/python3.10/site-packages
[1.385s] byte-compiling /home/roey/assaf_project/ros2_ws/install/robot_sync_sim/lib/python3.10/site-packages/follower_node.py to follower_node.cpython-310.pyc
[1.389s] byte-compiling /home/roey/assaf_project/ros2_ws/install/robot_sync_sim/lib/python3.10/site-packages/leader_node.py to leader_node.cpython-310.pyc
[1.391s] running install_data
[1.391s] copying package.xml -> /home/roey/assaf_project/ros2_ws/install/robot_sync_sim/share/robot_sync_sim
[1.391s] copying launch/simulation.launch.py -> /home/roey/assaf_project/ros2_ws/install/robot_sync_sim/share/robot_sync_sim/launch
[1.391s] copying launch/behavior.launch.py -> /home/roey/assaf_project/ros2_ws/install/robot_sync_sim/share/robot_sync_sim/launch
[1.391s] copying urdf/robot_a.urdf.xacro -> /home/roey/assaf_project/ros2_ws/install/robot_sync_sim/share/robot_sync_sim/urdf
[1.391s] copying urdf/common_robot.xacro -> /home/roey/assaf_project/ros2_ws/install/robot_sync_sim/share/robot_sync_sim/urdf
[1.392s] copying worlds/empty.world -> /home/roey/assaf_project/ros2_ws/install/robot_sync_sim/share/robot_sync_sim/worlds
[1.392s] copying README.md -> /home/roey/assaf_project/ros2_ws/install/robot_sync_sim/share/robot_sync_sim
[1.392s] running install_egg_info
[1.394s] removing '/home/roey/assaf_project/ros2_ws/install/robot_sync_sim/lib/python3.10/site-packages/robot_sync_sim-1.0.0-py3.10.egg-info' (and everything under it)
[1.394s] Copying ../../build/robot_sync_sim/robot_sync_sim.egg-info to /home/roey/assaf_project/ros2_ws/install/robot_sync_sim/lib/python3.10/site-packages/robot_sync_sim-1.0.0-py3.10.egg-info
[1.395s] running install_scripts
[1.425s] Installing follower_node script to /home/roey/assaf_project/ros2_ws/install/robot_sync_sim/lib/robot_sync_sim
[1.426s] Installing leader_node script to /home/roey/assaf_project/ros2_ws/install/robot_sync_sim/lib/robot_sync_sim
[1.426s] writing list of installed files to '/home/roey/assaf_project/ros2_ws/build/robot_sync_sim/install.log'
[1.459s] Invoked command in '/home/roey/assaf_project/ros2_ws/src/robot_sync_sim' returned '0': PYTHONPATH=/home/roey/assaf_project/ros2_ws/build/robot_sync_sim/prefix_override:/usr/lib/python3/dist-packages/colcon_core/task/python/colcon_distutils_commands:/home/roey/assaf_project/ros2_ws/install/robot_sync_sim/lib/python3.10/site-packages:${PYTHONPATH} /usr/bin/python3 -W ignore:setup.py install is deprecated setup.py egg_info --egg-base ../../build/robot_sync_sim build --build-base /home/roey/assaf_project/ros2_ws/build/robot_sync_sim/build install --record /home/roey/assaf_project/ros2_ws/build/robot_sync_sim/install.log --single-version-externally-managed install_data
