running egg_info
writing ../../build/robot_sync_sim/robot_sync_sim.egg-info/PKG-INFO
writing dependency_links to ../../build/robot_sync_sim/robot_sync_sim.egg-info/dependency_links.txt
writing entry points to ../../build/robot_sync_sim/robot_sync_sim.egg-info/entry_points.txt
writing requirements to ../../build/robot_sync_sim/robot_sync_sim.egg-info/requires.txt
writing top-level names to ../../build/robot_sync_sim/robot_sync_sim.egg-info/top_level.txt
reading manifest file '../../build/robot_sync_sim/robot_sync_sim.egg-info/SOURCES.txt'
writing manifest file '../../build/robot_sync_sim/robot_sync_sim.egg-info/SOURCES.txt'
running build
running build_py
copying scripts/follower_node.py -> /home/roey/assaf_project/ros2_ws/build/robot_sync_sim/build/lib
running install
running install_lib
copying /home/roey/assaf_project/ros2_ws/build/robot_sync_sim/build/lib/follower_node.py -> /home/roey/assaf_project/ros2_ws/install/robot_sync_sim/lib/python3.10/site-packages
byte-compiling /home/roey/assaf_project/ros2_ws/install/robot_sync_sim/lib/python3.10/site-packages/follower_node.py to follower_node.cpython-310.pyc
running install_data
copying launch/behavior.launch.py -> /home/roey/assaf_project/ros2_ws/install/robot_sync_sim/share/robot_sync_sim/launch
copying urdf/robot_b.urdf.xacro -> /home/roey/assaf_project/ros2_ws/install/robot_sync_sim/share/robot_sync_sim/urdf
copying models/trash/model.sdf -> /home/roey/assaf_project/ros2_ws/install/robot_sync_sim/share/robot_sync_sim/models/trash
copying config/sim_params.yaml -> /home/roey/assaf_project/ros2_ws/install/robot_sync_sim/share/robot_sync_sim/config
error: can't copy 'README.md': doesn't exist or not a regular file
