[1.116s] Invoking command in '/home/roey/assaf_project/ros2_ws/src/robot_sync_sim': PYTHONPATH=/home/roey/assaf_project/ros2_ws/build/robot_sync_sim/prefix_override:/usr/lib/python3/dist-packages/colcon_core/task/python/colcon_distutils_commands:/home/roey/assaf_project/ros2_ws/install/robot_sync_sim/lib/python3.10/site-packages:${PYTHONPATH} /usr/bin/python3 -W ignore:setup.py install is deprecated setup.py egg_info --egg-base ../../build/robot_sync_sim build --build-base /home/roey/assaf_project/ros2_ws/build/robot_sync_sim/build install --record /home/roey/assaf_project/ros2_ws/build/robot_sync_sim/install.log --single-version-externally-managed install_data
[1.483s] running egg_info
[1.483s] writing ../../build/robot_sync_sim/robot_sync_sim.egg-info/PKG-INFO
[1.484s] writing dependency_links to ../../build/robot_sync_sim/robot_sync_sim.egg-info/dependency_links.txt
[1.484s] writing entry points to ../../build/robot_sync_sim/robot_sync_sim.egg-info/entry_points.txt
[1.484s] writing requirements to ../../build/robot_sync_sim/robot_sync_sim.egg-info/requires.txt
[1.484s] writing top-level names to ../../build/robot_sync_sim/robot_sync_sim.egg-info/top_level.txt
[1.486s] reading manifest file '../../build/robot_sync_sim/robot_sync_sim.egg-info/SOURCES.txt'
[1.488s] writing manifest file '../../build/robot_sync_sim/robot_sync_sim.egg-info/SOURCES.txt'
[1.488s] running build
[1.488s] running build_py
[1.488s] copying scripts/follower_node.py -> /home/roey/assaf_project/ros2_ws/build/robot_sync_sim/build/lib
[1.489s] running install
[1.489s] running install_lib
[1.490s] copying /home/roey/assaf_project/ros2_ws/build/robot_sync_sim/build/lib/follower_node.py -> /home/roey/assaf_project/ros2_ws/install/robot_sync_sim/lib/python3.10/site-packages
[1.491s] byte-compiling /home/roey/assaf_project/ros2_ws/install/robot_sync_sim/lib/python3.10/site-packages/follower_node.py to follower_node.cpython-310.pyc
[1.494s] running install_data
[1.494s] copying launch/behavior.launch.py -> /home/roey/assaf_project/ros2_ws/install/robot_sync_sim/share/robot_sync_sim/launch
[1.495s] copying urdf/robot_b.urdf.xacro -> /home/roey/assaf_project/ros2_ws/install/robot_sync_sim/share/robot_sync_sim/urdf
[1.495s] copying models/trash/model.sdf -> /home/roey/assaf_project/ros2_ws/install/robot_sync_sim/share/robot_sync_sim/models/trash
[1.495s] copying config/sim_params.yaml -> /home/roey/assaf_project/ros2_ws/install/robot_sync_sim/share/robot_sync_sim/config
[1.495s] error: can't copy 'README.md': doesn't exist or not a regular file
[1.521s] Invoked command in '/home/roey/assaf_project/ros2_ws/src/robot_sync_sim' returned '1': PYTHONPATH=/home/roey/assaf_project/ros2_ws/build/robot_sync_sim/prefix_override:/usr/lib/python3/dist-packages/colcon_core/task/python/colcon_distutils_commands:/home/roey/assaf_project/ros2_ws/install/robot_sync_sim/lib/python3.10/site-packages:${PYTHONPATH} /usr/bin/python3 -W ignore:setup.py install is deprecated setup.py egg_info --egg-base ../../build/robot_sync_sim build --build-base /home/roey/assaf_project/ros2_ws/build/robot_sync_sim/build install --record /home/roey/assaf_project/ros2_ws/build/robot_sync_sim/install.log --single-version-externally-managed install_data
