running egg_info
writing ../../build/robot_sync_sim/robot_sync_sim.egg-info/PKG-INFO
writing dependency_links to ../../build/robot_sync_sim/robot_sync_sim.egg-info/dependency_links.txt
writing entry points to ../../build/robot_sync_sim/robot_sync_sim.egg-info/entry_points.txt
writing requirements to ../../build/robot_sync_sim/robot_sync_sim.egg-info/requires.txt
writing top-level names to ../../build/robot_sync_sim/robot_sync_sim.egg-info/top_level.txt
reading manifest file '../../build/robot_sync_sim/robot_sync_sim.egg-info/SOURCES.txt'
writing manifest file '../../build/robot_sync_sim/robot_sync_sim.egg-info/SOURCES.txt'
running build
running build_py
running install
running install_lib
running install_data
copying launch/simulation.launch.py -> /home/roey/assaf_project/ros2_ws/install/robot_sync_sim/share/robot_sync_sim/launch
copying urdf/robot_b.urdf.xacro -> /home/roey/assaf_project/ros2_ws/install/robot_sync_sim/share/robot_sync_sim/urdf
copying urdf/robot_a.urdf.xacro -> /home/roey/assaf_project/ros2_ws/install/robot_sync_sim/share/robot_sync_sim/urdf
copying urdf/common_robot.xacro -> /home/roey/assaf_project/ros2_ws/install/robot_sync_sim/share/robot_sync_sim/urdf
running install_egg_info
removing '/home/roey/assaf_project/ros2_ws/install/robot_sync_sim/lib/python3.10/site-packages/robot_sync_sim-1.0.0-py3.10.egg-info' (and everything under it)
Copying ../../build/robot_sync_sim/robot_sync_sim.egg-info to /home/roey/assaf_project/ros2_ws/install/robot_sync_sim/lib/python3.10/site-packages/robot_sync_sim-1.0.0-py3.10.egg-info
running install_scripts
Installing follower_node script to /home/roey/assaf_project/ros2_ws/install/robot_sync_sim/lib/robot_sync_sim
Installing leader_node script to /home/roey/assaf_project/ros2_ws/install/robot_sync_sim/lib/robot_sync_sim
writing list of installed files to '/home/roey/assaf_project/ros2_ws/build/robot_sync_sim/install.log'
