[0.000000] (-) TimerEvent: {}
[0.000162] (robot_sync_sim) JobQueued: {'identifier': 'robot_sync_sim', 'dependencies': OrderedDict()}
[0.000454] (robot_sync_sim) JobStarted: {'identifier': 'robot_sync_sim'}
[0.099688] (-) TimerEvent: {}
[0.199853] (-) TimerEvent: {}
[0.300023] (-) TimerEvent: {}
[0.400228] (-) TimerEvent: {}
[0.500388] (-) TimerEvent: {}
[0.600554] (-) TimerEvent: {}
[0.700728] (-) TimerEvent: {}
[0.800908] (-) TimerEvent: {}
[0.901074] (-) TimerEvent: {}
[0.987987] (robot_sync_sim) Command: {'cmd': ['/usr/bin/python3', '-W', 'ignore:setup.py install is deprecated', 'setup.py', 'egg_info', '--egg-base', '../../build/robot_sync_sim', 'build', '--build-base', '/home/roey/assaf_project/ros2_ws/build/robot_sync_sim/build', 'install', '--record', '/home/roey/assaf_project/ros2_ws/build/robot_sync_sim/install.log', '--single-version-externally-managed', 'install_data'], 'cwd': '/home/roey/assaf_project/ros2_ws/src/robot_sync_sim', 'env': {'GJS_DEBUG_TOPICS': 'JS ERROR;JS LOG', 'npm_config_devdir': '/tmp/cursor-sandbox-cache/0aad7a36e3a400c7dfb35c16ee58960c/node-gyp', 'LESSOPEN': '| /usr/bin/lesspipe %s', 'VSCODE_CWD': '/home/roey', 'CURSOR_EXTENSION_HOST_ROLE': 'agent-exec', 'VSCODE_ESM_ENTRYPOINT': 'vs/workbench/api/node/extensionHostProcess', 'PUPPETEER_CACHE_DIR': '/tmp/cursor-sandbox-cache/0aad7a36e3a400c7dfb35c16ee58960c/puppeteer', 'LANGUAGE': 'en_IL:en', 'USER': 'roey', 'VSCODE_NLS_CONFIG': '{"userLocale":"en-gb","osLocale":"en-il","resolvedLanguage":"en","defaultMessagesFile":"/usr/share/cursor/resources/app/out/nls.messages.json","locale":"en-gb","availableLanguages":{}}', 'CARGO_TARGET_DIR': '/tmp/cursor-sandbox-cache/0aad7a36e3a400c7dfb35c16ee58960c/cargo-target', 'CCACHE_DIR': '/tmp/cursor-sandbox-cache/0aad7a36e3a400c7dfb35c16ee58960c/ccache', 'CI': '1', 'VSCODE_HANDLES_UNCAUGHT_ERRORS': 'true', 'XDG_SESSION_TYPE': 'x11', 'PIP_CACHE_DIR': '/tmp/cursor-sandbox-cache/0aad7a36e3a400c7dfb35c16ee58960c/pip', 'NUGET_PACKAGES': '/tmp/cursor-sandbox-cache/0aad7a36e3a400c7dfb35c16ee58960c/nuget', 'HOMEBREW_CACHE': '/tmp/cursor-sandbox-cache/0aad7a36e3a400c7dfb35c16ee58960c/homebrew', 'SHLVL': '1', 'LD_LIBRARY_PATH': '/usr/lib/x86_64-linux-gnu/gazebo-11/plugins:/opt/ros/humble/opt/rviz_ogre_vendor/lib:/opt/ros/humble/lib/x86_64-linux-gnu:/opt/ros/humble/lib:/usr/share/gazebo/../../lib/x86_64-linux-gnu/gazebo-11/plugins::/usr/share/gazebo/../../lib/x86_64-linux-gnu/gazebo-11/plugins:/usr/share/gazebo/../../lib/x86_64-linux-gnu/gazebo-11/plugins:', 'HOME': '/home/roey', 'CHROME_DESKTOP': 'cursor.desktop', 'OLDPWD': '/home/roey/assaf_project/ros2_ws', 'DESKTOP_SESSION': 'ubuntu', 'VSCODE_IPC_HOOK': '/run/user/1000/vscode-4453e446-2.5.-main.sock', 'GIO_LAUNCHED_DESKTOP_FILE': '/usr/share/applications/cursor.desktop', 'GAZEBO_MASTER_URI': 'http://localhost:11345', 'ROS_PYTHON_VERSION': '3', 'GNOME_SHELL_SESSION_MODE': 'ubuntu', 'GTK_MODULES': 'gail:atk-bridge', 'MANAGERPID': '1169', 'SYSTEMD_EXEC_PID': '1667', 'NO_COLOR': '1', 'CONDA_PKGS_DIRS': '/tmp/cursor-sandbox-cache/0aad7a36e3a400c7dfb35c16ee58960c/conda', 'DBUS_SESSION_BUS_ADDRESS': 'unix:path=/run/user/1000/bus', 'GIO_LAUNCHED_DESKTOP_FILE_PID': '5693', 'VSCODE_CRASH_REPORTER_PROCESS_TYPE': 'extensionHost', 'COMPOSER_HOME': '/tmp/cursor-sandbox-cache/0aad7a36e3a400c7dfb35c16ee58960c/composer', 'COLCON_PREFIX_PATH': '/home/roey/assaf_project/ros2_ws/install', 'ROS_DISTRO': 'humble', 'GTK_IM_MODULE': 'ibus', 'LOGNAME': 'roey', 'FORCE_COLOR': '0', 'JOURNAL_STREAM': '8:14475', 'BUN_INSTALL_CACHE_DIR': '/tmp/cursor-sandbox-cache/0aad7a36e3a400c7dfb35c16ee58960c/bun', '_': '/usr/bin/colcon', 'ROS_VERSION': '2', 'GOMODCACHE': '/tmp/cursor-sandbox-cache/0aad7a36e3a400c7dfb35c16ee58960c/go-mod', 'XDG_SESSION_CLASS': 'user', 'USERNAME': 'roey', 'CP_HOME_DIR': '/tmp/cursor-sandbox-cache/0aad7a36e3a400c7dfb35c16ee58960c/cocoapods', 'TERM': 'dumb', 'EVERYSPHERE_RIPGREP_PATH': '/usr/share/cursor/resources/app/node_modules/@vscode/ripgrep/bin/rg', 'GAZEBO_MODEL_PATH': '/usr/share/gazebo/../../share/gazebo-11/models:/usr/share/gazebo/../../share/gazebo-11/models::/home/roey/nakai_ws/src/my_robot_description/models/textured_box:/home/roey/nakai_ws/src/my_robot_description/models/textured_box', 'GNOME_DESKTOP_SESSION_ID': 'this-is-deprecated', 'FC_FONTATIONS': '1', 'ROS_LOCALHOST_ONLY': '0', 'WINDOWPATH': '2', 'POETRY_CACHE_DIR': '/tmp/cursor-sandbox-cache/0aad7a36e3a400c7dfb35c16ee58960c/poetry', 'OGRE_RESOURCE_PATH': '/usr/lib/x86_64-linux-gnu/OGRE-1.9.0', 'PATH': '/home/roey/.local/bin:/home/roey/.local/bin:/opt/ros/humble/bin:/home/roey/.local/bin:/usr/local/sbin:/usr/local/bin:/usr/sbin:/usr/bin:/sbin:/bin:/usr/games:/usr/local/games:/snap/bin:/snap/bin', 'SESSION_MANAGER': 'local/roey-IdeaPad-Gaming-3-15IMH05:@/tmp/.ICE-unix/1634,unix/roey-IdeaPad-Gaming-3-15IMH05:/tmp/.ICE-unix/1634', 'YARN_CACHE_FOLDER': '/tmp/cursor-sandbox-cache/0aad7a36e3a400c7dfb35c16ee58960c/yarn', 'INVOCATION_ID': '0965363a7d484043b3ba8f1b177658da', 'UV_CACHE_DIR': '/tmp/cursor-sandbox-cache/0aad7a36e3a400c7dfb35c16ee58960c/uv', 'XDG_MENU_PREFIX': 'gnome-', 'VSCODE_PROCESS_TITLE': 'extension-host (agent-exec) [3-12]', 'PLAYWRIGHT_BROWSERS_PATH': '/tmp/cursor-sandbox-cache/0aad7a36e3a400c7dfb35c16ee58960c/playwright', 'XDG_RUNTIME_DIR': '/run/user/1000', 'BUNDLE_PATH': '/tmp/cursor-sandbox-cache/0aad7a36e3a400c7dfb35c16ee58960c/bundle', 'GDK_BACKEND': 'x11', 'CURSOR_AGENT': '1', 'DISPLAY': ':0', 'LANG': 'en_US.UTF-8', 'XDG_CURRENT_DESKTOP': 'ubuntu:GNOME', 'NX_CACHE_DIRECTORY': '/tmp/cursor-sandbox-cache/0aad7a36e3a400c7dfb35c16ee58960c/nx', 'XMODIFIERS': '@im=ibus', 'XDG_SESSION_DESKTOP': 'ubuntu', 'XAUTHORITY': '/run/user/1000/gdm/Xauthority', 'LS_COLORS': '', 'CYPRESS_CACHE_FOLDER': '/tmp/cursor-sandbox-cache/0aad7a36e3a400c7dfb35c16ee58960c/cypress', 'CURSOR_TRACE_ID': '01953080d6934f08bea126329ee2eb5f', 'SSH_AGENT_LAUNCHER': 'gnome-keyring', 'SSH_AUTH_SOCK': '/run/user/1000/keyring/ssh', 'PNPM_STORE_PATH': '/tmp/cursor-sandbox-cache/0aad7a36e3a400c7dfb35c16ee58960c/pnpm-store', 'ROS_DOMAIN_ID': '25', 'AMENT_PREFIX_PATH': '/home/roey/assaf_project/ros2_ws/install/robot_sync_sim:/opt/ros/humble', 'SHELL': '/bin/bash', 'GOCACHE': '/tmp/cursor-sandbox-cache/0aad7a36e3a400c7dfb35c16ee58960c/go-build', 'QT_ACCESSIBILITY': '1', 'ELECTRON_RUN_AS_NODE': '1', 'GDMSESSION': 'ubuntu', 'LESSCLOSE': '/usr/bin/lesspipe %s %s', 'GPG_AGENT_INFO': '/run/user/1000/gnupg/S.gpg-agent:0:1', 'GAZEBO_RESOURCE_PATH': '/usr/share/gazebo/../../share/gazebo-11:/usr/share/gazebo/../../share/gazebo-11:', 'GJS_DEBUG_OUTPUT': 'stderr', 'GAZEBO_MODEL_DATABASE_URI': 'http://models.gazebosim.org', 'QT_IM_MODULE': 'ibus', 'NPM_CONFIG_CACHE': '/tmp/cursor-sandbox-cache/0aad7a36e3a400c7dfb35c16ee58960c/npm', 'PWD': '/home/roey/assaf_project/ros2_ws/build/robot_sync_sim', 'GRADLE_USER_HOME': '/tmp/cursor-sandbox-cache/0aad7a36e3a400c7dfb35c16ee58960c/gradle', 'LC_ALL': 'en_US.UTF-8', 'XDG_CONFIG_DIRS': '/etc/xdg/xdg-ubuntu:/etc/xdg', 'VSCODE_CODE_CACHE_PATH': '/home/roey/.config/Cursor/CachedData/7d96c2a03bb088ad367615e9da1a3fe20fbbc6a0', 'GAZEBO_PLUGIN_PATH': '/usr/share/gazebo/../../lib/x86_64-linux-gnu/gazebo-11/plugins:/usr/share/gazebo/../../lib/x86_64-linux-gnu/gazebo-11/plugins:', 'XDG_DATA_DIRS': '/usr/share/ubuntu:/usr/share/gnome:/usr/local/share/:/usr/share/:/var/lib/snapd/desktop', 'PYTHONPATH': '/home/roey/assaf_project/ros2_ws/build/robot_sync_sim/prefix_override:/usr/lib/python3/dist-packages/colcon_core/task/python/colcon_distutils_commands:/home/roey/assaf_project/ros2_ws/install/robot_sync_sim/lib/python3.10/site-packages:/home/roey/assaf_project/ros2_ws/install/robot_sync_sim/lib/python3.10/site-packages:/opt/ros/humble/lib/python3.10/site-packages:/opt/ros/humble/local/lib/python3.10/dist-packages', 'TURBO_CACHE_DIR': '/tmp/cursor-sandbox-cache/0aad7a36e3a400c7dfb35c16ee58960c/turbo', 'COLCON': '1', '_ZO_DOCTOR': '0', 'GEM_SPEC_CACHE': '/tmp/cursor-sandbox-cache/0aad7a36e3a400c7dfb35c16ee58960c/gem-specs', 'VSCODE_PID': '5693'}, 'shell': False}
[1.001174] (-) TimerEvent: {}
[1.101363] (-) TimerEvent: {}
[1.201532] (-) TimerEvent: {}
[1.301713] (-) TimerEvent: {}
[1.381306] (robot_sync_sim) StdoutLine: {'line': b'running egg_info\n'}
[1.382260] (robot_sync_sim) StdoutLine: {'line': b'writing ../../build/robot_sync_sim/robot_sync_sim.egg-info/PKG-INFO\n'}
[1.382503] (robot_sync_sim) StdoutLine: {'line': b'writing dependency_links to ../../build/robot_sync_sim/robot_sync_sim.egg-info/dependency_links.txt\n'}
[1.382683] (robot_sync_sim) StdoutLine: {'line': b'writing entry points to ../../build/robot_sync_sim/robot_sync_sim.egg-info/entry_points.txt\n'}
[1.382833] (robot_sync_sim) StdoutLine: {'line': b'writing requirements to ../../build/robot_sync_sim/robot_sync_sim.egg-info/requires.txt\n'}
[1.382985] (robot_sync_sim) StdoutLine: {'line': b'writing top-level names to ../../build/robot_sync_sim/robot_sync_sim.egg-info/top_level.txt\n'}
[1.384979] (robot_sync_sim) StdoutLine: {'line': b"reading manifest file '../../build/robot_sync_sim/robot_sync_sim.egg-info/SOURCES.txt'\n"}
[1.386245] (robot_sync_sim) StdoutLine: {'line': b"writing manifest file '../../build/robot_sync_sim/robot_sync_sim.egg-info/SOURCES.txt'\n"}
[1.386439] (robot_sync_sim) StdoutLine: {'line': b'running build\n'}
[1.386520] (robot_sync_sim) StdoutLine: {'line': b'running build_py\n'}
[1.386668] (robot_sync_sim) StdoutLine: {'line': b'running install\n'}
[1.386916] (robot_sync_sim) StdoutLine: {'line': b'running install_lib\n'}
[1.388545] (robot_sync_sim) StdoutLine: {'line': b'running install_data\n'}
[1.388758] (robot_sync_sim) StdoutLine: {'line': b'copying launch/simulation.launch.py -> /home/roey/assaf_project/ros2_ws/install/robot_sync_sim/share/robot_sync_sim/launch\n'}
[1.389154] (robot_sync_sim) StdoutLine: {'line': b'copying urdf/robot_b.urdf.xacro -> /home/roey/assaf_project/ros2_ws/install/robot_sync_sim/share/robot_sync_sim/urdf\n'}
[1.389754] (robot_sync_sim) StdoutLine: {'line': b'running install_egg_info\n'}
[1.393296] (robot_sync_sim) StdoutLine: {'line': b"removing '/home/roey/assaf_project/ros2_ws/install/robot_sync_sim/lib/python3.10/site-packages/robot_sync_sim-1.0.0-py3.10.egg-info' (and everything under it)\n"}
[1.393672] (robot_sync_sim) StdoutLine: {'line': b'Copying ../../build/robot_sync_sim/robot_sync_sim.egg-info to /home/roey/assaf_project/ros2_ws/install/robot_sync_sim/lib/python3.10/site-packages/robot_sync_sim-1.0.0-py3.10.egg-info\n'}
[1.394682] (robot_sync_sim) StdoutLine: {'line': b'running install_scripts\n'}
[1.401791] (-) TimerEvent: {}
[1.429016] (robot_sync_sim) StdoutLine: {'line': b'Installing follower_node script to /home/roey/assaf_project/ros2_ws/install/robot_sync_sim/lib/robot_sync_sim\n'}
[1.429461] (robot_sync_sim) StdoutLine: {'line': b'Installing leader_node script to /home/roey/assaf_project/ros2_ws/install/robot_sync_sim/lib/robot_sync_sim\n'}
[1.429843] (robot_sync_sim) StdoutLine: {'line': b"writing list of installed files to '/home/roey/assaf_project/ros2_ws/build/robot_sync_sim/install.log'\n"}
[1.467105] (robot_sync_sim) CommandEnded: {'returncode': 0}
[1.481458] (robot_sync_sim) JobEnded: {'identifier': 'robot_sync_sim', 'rc': 0}
[1.482057] (-) EventReactorShutdown: {}
